  ConfigPanel.cpp
C:\Users\USER\Desktop\sdl2-stacker\Stacker\ConfigPanel.cpp(301,24): warning C4244: '=': conversão de 'float' para 'int', possível perda de dados
C:\Users\USER\Desktop\sdl2-stacker\Stacker\ConfigPanel.cpp(302,25): warning C4244: '=': conversão de 'float' para 'int', possível perda de dados
C:\Users\USER\Desktop\sdl2-stacker\Stacker\ConfigPanel.cpp(315,35): warning C4244: '=': conversão de 'float' para 'int', possível perda de dados
C:\Users\USER\Desktop\sdl2-stacker\Stacker\ConfigPanel.cpp(316,36): warning C4244: '=': conversão de 'float' para 'int', possível perda de dados
C:\Users\USER\Desktop\sdl2-stacker\Stacker\ConfigPanel.cpp(320,36): warning C4244: '=': conversão de 'float' para 'int', possível perda de dados
C:\Users\USER\Desktop\sdl2-stacker\Stacker\ConfigPanel.cpp(321,37): warning C4244: '=': conversão de 'float' para 'int', possível perda de dados
C:\Users\USER\Desktop\sdl2-stacker\Stacker\ConfigPanel.cpp(335,33): warning C4244: '=': conversão de 'float' para 'int', possível perda de dados
C:\Users\USER\Desktop\sdl2-stacker\Stacker\ConfigPanel.cpp(336,34): warning C4244: '=': conversão de 'float' para 'int', possível perda de dados
C:\Users\USER\Desktop\sdl2-stacker\Stacker\ConfigPanel.cpp(340,35): warning C4244: '=': conversão de 'float' para 'int', possível perda de dados
C:\Users\USER\Desktop\sdl2-stacker\Stacker\ConfigPanel.cpp(341,36): warning C4244: '=': conversão de 'float' para 'int', possível perda de dados
C:\Users\USER\Desktop\sdl2-stacker\Stacker\ConfigPanel.cpp(345,35): warning C4244: '=': conversão de 'float' para 'int', possível perda de dados
C:\Users\USER\Desktop\sdl2-stacker\Stacker\ConfigPanel.cpp(346,36): warning C4244: '=': conversão de 'float' para 'int', possível perda de dados
C:\Users\USER\Desktop\sdl2-stacker\Stacker\ConfigPanel.cpp(350,36): warning C4244: '=': conversão de 'float' para 'int', possível perda de dados
C:\Users\USER\Desktop\sdl2-stacker\Stacker\ConfigPanel.cpp(351,37): warning C4244: '=': conversão de 'float' para 'int', possível perda de dados
  Game.cpp
C:\Users\USER\Desktop\sdl2-stacker\Stacker\Game.cpp(103,31): warning C4244: '=': conversão de 'float' para 'int', possível perda de dados
C:\Users\USER\Desktop\sdl2-stacker\Stacker\Game.cpp(104,32): warning C4244: '=': conversão de 'float' para 'int', possível perda de dados
C:\Users\USER\Desktop\sdl2-stacker\Stacker\Game.cpp(120,31): warning C4244: '=': conversão de 'float' para 'int', possível perda de dados
C:\Users\USER\Desktop\sdl2-stacker\Stacker\Game.cpp(121,32): warning C4244: '=': conversão de 'float' para 'int', possível perda de dados
C:\Users\USER\Desktop\sdl2-stacker\Stacker\Game.cpp(141,26): warning C4244: '=': conversão de 'float' para 'int', possível perda de dados
  GameBoard.cpp
  LoadTexture.cpp
  main.cpp
  Gerando código
  Previous IPDB not found, fall back to full compilation.
  All 281 functions were compiled because no usable IPDB/IOBJ from previous compilation was found.
  Finalizada a geração de código
  Stacker.vcxproj -> C:\Users\USER\Desktop\sdl2-stacker\Release\Stacker.exe
